<?xml version="1.0" encoding="UTF-8"?>
<!-- Generated by org.testng.reporters.JUnitXMLReporter -->
<testsuite ignored="0" hostname="DESKTOP-FGF6AJ8" failures="1" tests="6" name="Surefire test" time="69.581" errors="0" timestamp="2026-04-09T22:12:35 IST">
  <testcase classname="Amazon.tests.ErrorValidationTest" name="LoginErrorValidation" time="0.771"/>
  <testcase classname="Amazon.tests.ErrorValidationTest" name="productErrorValidation" time="4.058"/>
  <testcase classname="Amazon.tests.submitOrderTest" name="submitOrder" time="5.059"/>
  <testcase classname="Amazon.tests.submitOrderTest" name="submitOrder" time="4.809"/>
  <testcase classname="Amazon.tests.submitOrderTest" name="submitOrder" time="1.11">
    <failure type="org.openqa.selenium.ElementClickInterceptedException" message="Element &amp;lt;button class=&amp;quot;btn w-10 rounded&amp;quot;&amp;gt; is not clickable at point (1219,606) because another element &amp;lt;div class=&amp;quot;ng-tns-c4-0 toast-title ng-star-inserted&amp;quot;&amp;gt; obscures it
Build info: version: &amp;apos;4.41.0&amp;apos;, revision: &amp;apos;9fc754f&amp;apos;
System info: os.name: &amp;apos;Windows 10&amp;apos;, os.arch: &amp;apos;amd64&amp;apos;, os.version: &amp;apos;10.0&amp;apos;, java.version: &amp;apos;17.0.10&amp;apos;
Driver info: org.openqa.selenium.firefox.FirefoxDriver
Command: [279c9632-6fc2-4396-809a-03259b5c5343, clickElement {id=056793c4-3f75-4320-8c2a-4512bf1893cd}]
Capabilities {acceptInsecureCerts: true, browserName: firefox, browserVersion: 149.0.2, moz:accessibilityChecks: false, moz:buildID: 20260403140140, moz:geckodriverVersion: 0.36.0, moz:headless: false, moz:platformVersion: 10.0, moz:processID: 13516, moz:profile: C:\Users\Ritik\AppData\Loca..., moz:shutdownTimeout: 60000, moz:webdriverClick: true, moz:windowless: false, pageLoadStrategy: normal, platformName: windows, proxy: Proxy(), setWindowRect: true, strictFileInteractability: false, timeouts: {implicit: 0, pageLoad: 300000, script: 30000}, unhandledPromptBehavior: dismiss and notify, userAgent: Mozilla/5.0 (Windows NT 10....}
Element: [[[[FirefoxDriver: firefox on windows (279c9632-6fc2-4396-809a-03259b5c5343)] -&amp;gt; css selector: .mb-3]] -&amp;gt; css selector: .card-body button:last-of-type]
Session ID: 279c9632-6fc2-4396-809a-03259b5c5343">
      <![CDATA[org.openqa.selenium.ElementClickInterceptedException: Element <button class="btn w-10 rounded"> is not clickable at point (1219,606) because another element <div class="ng-tns-c4-0 toast-title ng-star-inserted"> obscures it
Build info: version: '4.41.0', revision: '9fc754f'
System info: os.name: 'Windows 10', os.arch: 'amd64', os.version: '10.0', java.version: '17.0.10'
Driver info: org.openqa.selenium.firefox.FirefoxDriver
Command: [279c9632-6fc2-4396-809a-03259b5c5343, clickElement {id=056793c4-3f75-4320-8c2a-4512bf1893cd}]
Capabilities {acceptInsecureCerts: true, browserName: firefox, browserVersion: 149.0.2, moz:accessibilityChecks: false, moz:buildID: 20260403140140, moz:geckodriverVersion: 0.36.0, moz:headless: false, moz:platformVersion: 10.0, moz:processID: 13516, moz:profile: C:\Users\Ritik\AppData\Loca..., moz:shutdownTimeout: 60000, moz:webdriverClick: true, moz:windowless: false, pageLoadStrategy: normal, platformName: windows, proxy: Proxy(), setWindowRect: true, strictFileInteractability: false, timeouts: {implicit: 0, pageLoad: 300000, script: 30000}, unhandledPromptBehavior: dismiss and notify, userAgent: Mozilla/5.0 (Windows NT 10....}
Element: [[[[FirefoxDriver: firefox on windows (279c9632-6fc2-4396-809a-03259b5c5343)] -> css selector: .mb-3]] -> css selector: .card-body button:last-of-type]
Session ID: 279c9632-6fc2-4396-809a-03259b5c5343
at org.openqa.selenium.remote.ErrorCodec.decode(ErrorCodec.java:169)
at org.openqa.selenium.remote.codec.w3c.W3CHttpResponseCodec.decode(W3CHttpResponseCodec.java:142)
at org.openqa.selenium.remote.codec.w3c.W3CHttpResponseCodec.decode(W3CHttpResponseCodec.java:49)
at org.openqa.selenium.remote.HttpCommandExecutor.execute(HttpCommandExecutor.java:223)
at org.openqa.selenium.remote.service.DriverCommandExecutor.invokeExecute(DriverCommandExecutor.java:216)
at org.openqa.selenium.remote.service.DriverCommandExecutor.execute(DriverCommandExecutor.java:174)
at org.openqa.selenium.remote.RemoteWebDriver.execute(RemoteWebDriver.java:604)
at org.openqa.selenium.remote.RemoteWebElement.execute(RemoteWebElement.java:223)
at org.openqa.selenium.remote.RemoteWebElement.click(RemoteWebElement.java:76)
at Amazon.pageObjects.productCatalogue.addProductToCart(productCatalogue.java:56)
at Amazon.tests.submitOrderTest.submitOrder(submitOrderTest.java:27)
at java.base/java.util.ArrayList.forEach(ArrayList.java:1511)
... Removed 32 stack frames]]>
    </failure>
  </testcase> <!-- submitOrder -->
  <testcase classname="Amazon.tests.submitOrderTest" name="orderHistoryTest" time="0.0">
    <skipped/>
  </testcase> <!-- orderHistoryTest -->
</testsuite> <!-- Surefire test -->
