<?xml version="1.0" encoding="UTF-8"?>
<!-- Generated by org.testng.reporters.JUnitXMLReporter -->
<testsuite ignored="0" hostname="DESKTOP-FGF6AJ8" failures="0" tests="5" name="Default test" time="53.847" errors="0" timestamp="2026-04-20T22:46:00 IST">
  <testcase classname="Amazon.tests.submitOrderTest" name="applyFilters" time="1.769"/>
  <testcase classname="Amazon.tests.submitOrderTest" name="submitOrder" time="6.948"/>
  <testcase classname="Amazon.tests.submitOrderTest" name="submitOrder" time="6.32"/>
  <testcase classname="Amazon.tests.submitOrderTest" name="submitOrder" time="11.324"/>
  <testcase classname="Amazon.tests.submitOrderTest" name="orderHistoryTest" time="1.404"/>
</testsuite> <!-- Default test -->
