<?xml version="1.0" encoding="UTF-8"?>
<!-- Generated by org.testng.reporters.JUnitXMLReporter -->
<testsuite ignored="0" hostname="DESKTOP-FGF6AJ8" failures="0" tests="2" name="Error Validation Test" time="13.437" errors="0" timestamp="2026-05-09T14:54:53 IST">
  <testcase classname="Amazon.tests.ErrorValidationTest" name="LoginErrorValidation" time="0.669"/>
  <testcase classname="Amazon.tests.ErrorValidationTest" name="productErrorValidation" time="6.748"/>
</testsuite> <!-- Error Validation Test -->
