<?xml version="1.0" encoding="UTF-8"?>
<!-- Generated by org.testng.reporters.JUnitXMLReporter -->
<testsuite ignored="0" hostname="DESKTOP-FGF6AJ8" failures="0" tests="2" name="Error Validation Test" time="11.974" errors="0" timestamp="2026-04-11T16:55:34 IST">
  <testcase classname="Amazon.tests.ErrorValidationTest" name="LoginErrorValidation" time="0.875"/>
  <testcase classname="Amazon.tests.ErrorValidationTest" name="productErrorValidation" time="5.567"/>
</testsuite> <!-- Error Validation Test -->
