<?xml version="1.0" encoding="UTF-8"?>
<!-- Generated by org.testng.reporters.JUnitXMLReporter -->
<testsuite ignored="0" hostname="DESKTOP-FGF6AJ8" failures="0" tests="4" name="Submit Order Test" time="36.148" errors="0" timestamp="2026-04-11T16:55:22 IST">
  <testcase classname="Amazon.tests.submitOrderTest" name="submitOrder" time="8.168"/>
  <testcase classname="Amazon.tests.submitOrderTest" name="submitOrder" time="5.281"/>
  <testcase classname="Amazon.tests.submitOrderTest" name="submitOrder" time="5.362"/>
  <testcase classname="Amazon.tests.submitOrderTest" name="orderHistoryTest" time="1.202"/>
</testsuite> <!-- Submit Order Test -->
