<?xml version="1.0" encoding="UTF-8"?>
<!-- Generated by org.testng.reporters.JUnitXMLReporter -->
<testsuite ignored="1" hostname="DESKTOP-FGF6AJ8" failures="0" tests="1" name="Submit Order Test2" time="15.115" errors="0" timestamp="2026-04-20T23:30:10 IST">
  <testcase classname="Amazon.tests.submitOrderTest2" name="submitOrder3" time="10.525"/>
  <testcase classname="Amazon.tests.submitOrderTest2" name="submitOrder2" time="0.0">
    <ignored/>
  </testcase> <!-- submitOrder2 -->
</testsuite> <!-- Submit Order Test2 -->
