<?xml version="1.0" encoding="UTF-8"?>
<!-- Generated by org.testng.reporters.JUnitXMLReporter -->
<testsuite ignored="0" hostname="DESKTOP-FGF6AJ8" failures="0" tests="2" name="Error Validation Test" time="14.915" errors="0" timestamp="2026-04-10T21:28:40 IST">
  <testcase classname="Amazon.tests.ErrorValidationTest" name="LoginErrorValidation" time="0.716"/>
  <testcase classname="Amazon.tests.ErrorValidationTest" name="productErrorValidation" time="3.73"/>
</testsuite> <!-- Error Validation Test -->
