<?xml version="1.0" encoding="UTF-8"?>
<!-- Generated by org.testng.reporters.JUnitXMLReporter -->
<testsuite ignored="0" hostname="DESKTOP-FGF6AJ8" failures="0" tests="4" name="Submit Order Test" time="34.822" errors="0" timestamp="2026-04-10T21:28:25 IST">
  <testcase classname="Amazon.tests.submitOrderTest" name="submitOrder" time="5.482"/>
  <testcase classname="Amazon.tests.submitOrderTest" name="submitOrder" time="5.288"/>
  <testcase classname="Amazon.tests.submitOrderTest" name="submitOrder" time="5.297"/>
  <testcase classname="Amazon.tests.submitOrderTest" name="orderHistoryTest" time="1.226"/>
</testsuite> <!-- Submit Order Test -->
