<?xml version="1.0" encoding="UTF-8"?>
<testsuite xmlns:xsi="http://www.w3.org/2001/XMLSchema-instance" xsi:noNamespaceSchemaLocation="https://maven.apache.org/surefire/maven-surefire-plugin/xsd/surefire-test-report.xsd" version="3.0.2" name="TestSuite" time="51.624" tests="6" errors="0" skipped="0" failures="0">
  <properties>
[...]
</properties>
  <testcase name="submitOrder[{password=jaihanumaN@123#, email=honeyritikjob75@gmail.com, productName=ZARA COAT 3}](1)" classname="Amazon.tests.submitOrderTest" time="5.497">
    <system-out><![CDATA[Test Passed : submitOrder
]]></system-out>
    <system-err><![CDATA[SLF4J(W): No SLF4J providers were found.
SLF4J(W): Defaulting to no-operation (NOP) logger implementation
SLF4J(W): See https://www.slf4j.org/codes.html#noProviders for further details.
Apr 10, 2026 9:27:53 PM org.openqa.selenium.devtools.CdpVersionFinder findNearestMatch
WARNING: Unable to find an exact match for CDP version 146, returning the closest version; found: 145; Please update to a Selenium version that supports CDP version 146
]]></system-err>
  </testcase>
  <testcase name="submitOrder[{password=Iamking@000, email=rahulshettyacademy@gmail.com, productName=ADIDAS ORIGINAL}](2)" classname="Amazon.tests.submitOrderTest" time="5.265">
    <system-out><![CDATA[Test Passed : submitOrder
]]></system-out>
    <system-err><![CDATA[Apr 10, 2026 9:28:02 PM org.openqa.selenium.devtools.CdpVersionFinder findNearestMatch
WARNING: Unable to find an exact match for CDP version 146, returning the closest version; found: 145; Please update to a Selenium version that supports CDP version 146
]]></system-err>
  </testcase>
  <testcase name="submitOrder[{password=Iamking@000, email=rahulshettyacademy@gmail.com, productName=iphone 13 pro}](3)" classname="Amazon.tests.submitOrderTest" time="5.296">
    <system-out><![CDATA[Test Passed : submitOrder
]]></system-out>
    <system-err><![CDATA[Apr 10, 2026 9:28:11 PM org.openqa.selenium.devtools.CdpVersionFinder findNearestMatch
WARNING: Unable to find an exact match for CDP version 146, returning the closest version; found: 145; Please update to a Selenium version that supports CDP version 146
]]></system-err>
  </testcase>
  <testcase name="orderHistoryTest" classname="Amazon.tests.submitOrderTest" time="1.223">
    <system-out><![CDATA[Test Passed : orderHistoryTest
]]></system-out>
    <system-err><![CDATA[Apr 10, 2026 9:28:20 PM org.openqa.selenium.devtools.CdpVersionFinder findNearestMatch
WARNING: Unable to find an exact match for CDP version 146, returning the closest version; found: 145; Please update to a Selenium version that supports CDP version 146
]]></system-err>
  </testcase>
  <testcase name="LoginErrorValidation" classname="Amazon.tests.ErrorValidationTest" time="0.718">
    <system-out><![CDATA[Execution Finished
Test Passed : LoginErrorValidation
]]></system-out>
    <system-err><![CDATA[Apr 10, 2026 9:28:26 PM org.openqa.selenium.devtools.CdpVersionFinder findNearestMatch
WARNING: Unable to find an exact match for CDP version 146, returning the closest version; found: 145; Please update to a Selenium version that supports CDP version 146
]]></system-err>
  </testcase>
  <testcase name="productErrorValidation" classname="Amazon.tests.ErrorValidationTest" time="3.73">
    <system-out><![CDATA[Test Passed : productErrorValidation
]]></system-out>
    <system-err><![CDATA[Apr 10, 2026 9:28:33 PM org.openqa.selenium.devtools.CdpVersionFinder findNearestMatch
WARNING: Unable to find an exact match for CDP version 146, returning the closest version; found: 145; Please update to a Selenium version that supports CDP version 146
]]></system-err>
  </testcase>
</testsuite>