<?xml version="1.0" encoding="UTF-8"?>
<testng-results ignored="0" total="6" passed="6" failed="0" skipped="0">
  <reporter-output>
  </reporter-output>
  <suite started-at="2026-04-10T21:27:50 IST" name="Suite" finished-at="2026-04-10T21:28:40 IST" duration-ms="50311">
    <groups>
      <group name="Smoke Testing">
        <method signature="ErrorValidationTest.LoginErrorValidation()[pri:0, instance:Amazon.tests.ErrorValidationTest@2657d4dd]" name="LoginErrorValidation" class="Amazon.tests.ErrorValidationTest"/>
      </group> <!-- Smoke Testing -->
      <group name="purchase">
        <method signature="submitOrderTest.submitOrder(java.util.HashMap)[pri:0, instance:Amazon.tests.submitOrderTest@4a003cbe]" name="submitOrder" class="Amazon.tests.submitOrderTest"/>
      </group> <!-- purchase -->
    </groups>
    <test started-at="2026-04-10T21:27:50 IST" name="Submit Order Test" finished-at="2026-04-10T21:28:25 IST" duration-ms="34822">
      <class name="Amazon.tests.submitOrderTest">
        <test-method is-config="true" signature="launchApplication()[pri:0, instance:Amazon.tests.submitOrderTest@4a003cbe]" started-at="2026-04-10T21:27:50 IST" name="launchApplication" finished-at="2026-04-10T21:27:55 IST" duration-ms="4270" status="PASS">
          <reporter-output>
          </reporter-output>
        </test-method> <!-- launchApplication -->
        <test-method signature="submitOrder(java.util.HashMap)[pri:0, instance:Amazon.tests.submitOrderTest@4a003cbe]" started-at="2026-04-10T21:27:55 IST" name="submitOrder" data-provider="getData" finished-at="2026-04-10T21:28:00 IST" duration-ms="5482" status="PASS">
          <params>
            <param index="0">
              <value>
                <![CDATA[{password=jaihanumaN@123#, email=honeyritikjob75@gmail.com, productName=ZARA COAT 3}]]>
              </value>
            </param>
          </params>
          <reporter-output>
          </reporter-output>
        </test-method> <!-- submitOrder -->
        <test-method is-config="true" signature="tearDown()[pri:0, instance:Amazon.tests.submitOrderTest@4a003cbe]" started-at="2026-04-10T21:28:00 IST" name="tearDown" finished-at="2026-04-10T21:28:00 IST" duration-ms="300" status="PASS">
          <reporter-output>
          </reporter-output>
        </test-method> <!-- tearDown -->
        <test-method is-config="true" signature="launchApplication()[pri:0, instance:Amazon.tests.submitOrderTest@4a003cbe]" started-at="2026-04-10T21:28:00 IST" name="launchApplication" finished-at="2026-04-10T21:28:04 IST" duration-ms="3307" status="PASS">
          <reporter-output>
          </reporter-output>
        </test-method> <!-- launchApplication -->
        <test-method signature="submitOrder(java.util.HashMap)[pri:0, instance:Amazon.tests.submitOrderTest@4a003cbe]" started-at="2026-04-10T21:28:04 IST" name="submitOrder" data-provider="getData" finished-at="2026-04-10T21:28:09 IST" duration-ms="5288" status="PASS">
          <params>
            <param index="0">
              <value>
                <![CDATA[{password=Iamking@000, email=rahulshettyacademy@gmail.com, productName=ADIDAS ORIGINAL}]]>
              </value>
            </param>
          </params>
          <reporter-output>
          </reporter-output>
        </test-method> <!-- submitOrder -->
        <test-method is-config="true" signature="tearDown()[pri:0, instance:Amazon.tests.submitOrderTest@4a003cbe]" started-at="2026-04-10T21:28:09 IST" name="tearDown" finished-at="2026-04-10T21:28:09 IST" duration-ms="333" status="PASS">
          <reporter-output>
          </reporter-output>
        </test-method> <!-- tearDown -->
        <test-method is-config="true" signature="launchApplication()[pri:0, instance:Amazon.tests.submitOrderTest@4a003cbe]" started-at="2026-04-10T21:28:09 IST" name="launchApplication" finished-at="2026-04-10T21:28:13 IST" duration-ms="3378" status="PASS">
          <reporter-output>
          </reporter-output>
        </test-method> <!-- launchApplication -->
        <test-method signature="submitOrder(java.util.HashMap)[pri:0, instance:Amazon.tests.submitOrderTest@4a003cbe]" started-at="2026-04-10T21:28:13 IST" name="submitOrder" data-provider="getData" finished-at="2026-04-10T21:28:18 IST" duration-ms="5297" status="PASS">
          <params>
            <param index="0">
              <value>
                <![CDATA[{password=Iamking@000, email=rahulshettyacademy@gmail.com, productName=iphone 13 pro}]]>
              </value>
            </param>
          </params>
          <reporter-output>
          </reporter-output>
        </test-method> <!-- submitOrder -->
        <test-method is-config="true" signature="tearDown()[pri:0, instance:Amazon.tests.submitOrderTest@4a003cbe]" started-at="2026-04-10T21:28:18 IST" name="tearDown" finished-at="2026-04-10T21:28:18 IST" duration-ms="283" status="PASS">
          <reporter-output>
          </reporter-output>
        </test-method> <!-- tearDown -->
        <test-method is-config="true" signature="launchApplication()[pri:0, instance:Amazon.tests.submitOrderTest@4a003cbe]" started-at="2026-04-10T21:28:18 IST" name="launchApplication" finished-at="2026-04-10T21:28:23 IST" duration-ms="4908" status="PASS">
          <reporter-output>
          </reporter-output>
        </test-method> <!-- launchApplication -->
        <test-method signature="orderHistoryTest()[pri:0, instance:Amazon.tests.submitOrderTest@4a003cbe]" started-at="2026-04-10T21:28:23 IST" name="orderHistoryTest" finished-at="2026-04-10T21:28:24 IST" depends-on-methods="Amazon.tests.submitOrderTest.submitOrder" duration-ms="1226" status="PASS">
          <reporter-output>
          </reporter-output>
        </test-method> <!-- orderHistoryTest -->
        <test-method is-config="true" signature="tearDown()[pri:0, instance:Amazon.tests.submitOrderTest@4a003cbe]" started-at="2026-04-10T21:28:24 IST" name="tearDown" finished-at="2026-04-10T21:28:25 IST" duration-ms="254" status="PASS">
          <reporter-output>
          </reporter-output>
        </test-method> <!-- tearDown -->
      </class> <!-- Amazon.tests.submitOrderTest -->
    </test> <!-- Submit Order Test -->
    <test started-at="2026-04-10T21:28:25 IST" name="Error Validation Test" finished-at="2026-04-10T21:28:40 IST" duration-ms="14915">
      <class name="Amazon.tests.ErrorValidationTest">
        <test-method is-config="true" signature="launchApplication()[pri:0, instance:Amazon.tests.ErrorValidationTest@2657d4dd]" started-at="2026-04-10T21:28:25 IST" name="launchApplication" finished-at="2026-04-10T21:28:31 IST" duration-ms="5403" status="PASS">
          <reporter-output>
          </reporter-output>
        </test-method> <!-- launchApplication -->
        <test-method signature="LoginErrorValidation()[pri:0, instance:Amazon.tests.ErrorValidationTest@2657d4dd]" started-at="2026-04-10T21:28:31 IST" name="LoginErrorValidation" finished-at="2026-04-10T21:28:31 IST" duration-ms="716" status="PASS">
          <reporter-output>
          </reporter-output>
        </test-method> <!-- LoginErrorValidation -->
        <test-method is-config="true" signature="tearDown()[pri:0, instance:Amazon.tests.ErrorValidationTest@2657d4dd]" started-at="2026-04-10T21:28:31 IST" name="tearDown" finished-at="2026-04-10T21:28:32 IST" duration-ms="267" status="PASS">
          <reporter-output>
          </reporter-output>
        </test-method> <!-- tearDown -->
        <test-method is-config="true" signature="launchApplication()[pri:0, instance:Amazon.tests.ErrorValidationTest@2657d4dd]" started-at="2026-04-10T21:28:32 IST" name="launchApplication" finished-at="2026-04-10T21:28:36 IST" duration-ms="4500" status="PASS">
          <reporter-output>
          </reporter-output>
        </test-method> <!-- launchApplication -->
        <test-method signature="productErrorValidation()[pri:0, instance:Amazon.tests.ErrorValidationTest@2657d4dd]" started-at="2026-04-10T21:28:36 IST" name="productErrorValidation" finished-at="2026-04-10T21:28:40 IST" duration-ms="3730" status="PASS">
          <reporter-output>
          </reporter-output>
        </test-method> <!-- productErrorValidation -->
        <test-method is-config="true" signature="tearDown()[pri:0, instance:Amazon.tests.ErrorValidationTest@2657d4dd]" started-at="2026-04-10T21:28:40 IST" name="tearDown" finished-at="2026-04-10T21:28:40 IST" duration-ms="293" status="PASS">
          <reporter-output>
          </reporter-output>
        </test-method> <!-- tearDown -->
      </class> <!-- Amazon.tests.ErrorValidationTest -->
    </test> <!-- Error Validation Test -->
  </suite> <!-- Suite -->
</testng-results>
