<?xml version="1.0" encoding="UTF-8"?>
<testng-results ignored="0" total="1" passed="1" failed="0" skipped="0">
  <reporter-output>
  </reporter-output>
  <suite started-at="2026-04-20T22:49:19 IST" name="Suite" finished-at="2026-04-20T22:49:41 IST" duration-ms="22256">
    <groups>
      <group name="purchased">
        <method signature="submitOrderTest2.submitOrder2(java.util.HashMap)[pri:0, instance:Amazon.tests.submitOrderTest2@6ca18a14]" name="submitOrder2" class="Amazon.tests.submitOrderTest2"/>
      </group> <!-- purchased -->
    </groups>
    <test started-at="2026-04-20T22:49:19 IST" name="Submit Order Test2" finished-at="2026-04-20T22:49:41 IST" duration-ms="22256">
      <class name="Amazon.tests.submitOrderTest2">
        <test-method is-config="true" signature="launchApplication()[pri:0, instance:Amazon.tests.submitOrderTest2@6ca18a14]" started-at="2026-04-20T22:49:20 IST" name="launchApplication" finished-at="2026-04-20T22:49:25 IST" duration-ms="5684" status="PASS">
          <reporter-output>
          </reporter-output>
        </test-method> <!-- launchApplication -->
        <test-method signature="submitOrder2(java.util.HashMap)[pri:0, instance:Amazon.tests.submitOrderTest2@6ca18a14]" started-at="2026-04-20T22:49:25 IST" name="submitOrder2" data-provider="getData" finished-at="2026-04-20T22:49:41 IST" duration-ms="15437" status="PASS">
          <params>
            <param index="0">
              <value>
                <![CDATA[{password=jaihanumaN@123#, email=honeyritikjob75@gmail.com, productName=ZARA COAT 3,ADIDAS ORIGINAL,IPHONE 13 PRO}]]>
              </value>
            </param>
          </params>
          <reporter-output>
          </reporter-output>
        </test-method> <!-- submitOrder2 -->
        <test-method is-config="true" signature="tearDown()[pri:0, instance:Amazon.tests.submitOrderTest2@6ca18a14]" started-at="2026-04-20T22:49:41 IST" name="tearDown" finished-at="2026-04-20T22:49:41 IST" duration-ms="542" status="PASS">
          <reporter-output>
          </reporter-output>
        </test-method> <!-- tearDown -->
      </class> <!-- Amazon.tests.submitOrderTest2 -->
    </test> <!-- Submit Order Test2 -->
  </suite> <!-- Suite -->
</testng-results>
