<?xml version="1.0" encoding="UTF-8"?>
<testng-results ignored="0" total="1" passed="1" failed="0" skipped="0">
  <reporter-output>
  </reporter-output>
  <suite started-at="2026-04-20T09:49:00 IST" name="Default suite" finished-at="2026-04-20T09:49:07 IST" duration-ms="6868">
    <groups>
    </groups>
    <test started-at="2026-04-20T09:49:00 IST" name="Default test" finished-at="2026-04-20T09:49:07 IST" duration-ms="6868">
      <class name="Amazon.tests.submitOrderTest">
        <test-method is-config="true" signature="launchApplication()[pri:0, instance:Amazon.tests.submitOrderTest@7c9d8e2]" started-at="2026-04-20T09:49:00 IST" name="launchApplication" finished-at="2026-04-20T09:49:05 IST" duration-ms="4526" status="PASS">
          <reporter-output>
          </reporter-output>
        </test-method> <!-- launchApplication -->
        <test-method signature="applyFilters()[pri:0, instance:Amazon.tests.submitOrderTest@7c9d8e2]" started-at="2026-04-20T09:49:05 IST" name="applyFilters" finished-at="2026-04-20T09:49:06 IST" duration-ms="1945" status="PASS">
          <reporter-output>
          </reporter-output>
        </test-method> <!-- applyFilters -->
        <test-method is-config="true" signature="tearDown()[pri:0, instance:Amazon.tests.submitOrderTest@7c9d8e2]" started-at="2026-04-20T09:49:06 IST" name="tearDown" finished-at="2026-04-20T09:49:07 IST" duration-ms="307" status="PASS">
          <reporter-output>
          </reporter-output>
        </test-method> <!-- tearDown -->
      </class> <!-- Amazon.tests.submitOrderTest -->
    </test> <!-- Default test -->
  </suite> <!-- Default suite -->
</testng-results>
