<?xml version="1.0" encoding="UTF-8"?>
<!-- Generated by org.testng.reporters.JUnitReportReporter -->
<testsuite hostname="DESKTOP-FGF6AJ8" failures="0" tests="2" name="Amazon.tests.ErrorValidationTest" time="19.872" errors="0" timestamp="2026-05-13T22:40:15 IST" skipped="0">
  <testcase classname="Amazon.tests.ErrorValidationTest" name="productErrorValidation" time="12.883"/>
  <testcase classname="Amazon.tests.ErrorValidationTest" name="LoginErrorValidation" time="6.989"/>
</testsuite> <!-- Amazon.tests.ErrorValidationTest -->
