<?xml version="1.0" encoding="UTF-8"?>
<!-- Generated by org.testng.reporters.JUnitReportReporter -->
<testsuite hostname="DESKTOP-FGF6AJ8" failures="0" tests="4" name="Amazon.tests.submitOrderTest" time="35.562" errors="0" timestamp="2026-04-11T16:55:34 IST" skipped="0">
  <testcase classname="Amazon.tests.submitOrderTest" name="submitOrder" time="11.789"/>
  <testcase classname="Amazon.tests.submitOrderTest" name="submitOrder" time="10.210"/>
  <testcase classname="Amazon.tests.submitOrderTest" name="orderHistoryTest" time="4.755"/>
  <testcase classname="Amazon.tests.submitOrderTest" name="submitOrder" time="8.808"/>
</testsuite> <!-- Amazon.tests.submitOrderTest -->
