<?xml version="1.0" encoding="UTF-8"?>
<!-- Generated by org.testng.reporters.JUnitReportReporter -->
<testsuite hostname="DESKTOP-FGF6AJ8" failures="0" tests="2" name="Amazon.tests.ErrorValidationTest" time="11.951" errors="0" timestamp="2026-04-11T16:55:34 IST" skipped="0">
  <testcase classname="Amazon.tests.ErrorValidationTest" name="productErrorValidation" time="7.624"/>
  <testcase classname="Amazon.tests.ErrorValidationTest" name="LoginErrorValidation" time="4.327"/>
</testsuite> <!-- Amazon.tests.ErrorValidationTest -->
