<?xml version="1.0" encoding="UTF-8"?>
<!-- Generated by org.testng.reporters.JUnitReportReporter -->
<testsuite hostname="DESKTOP-FGF6AJ8" failures="0" tests="2" name="Amazon.tests.submitOrderTest2" time="32.262" errors="0" timestamp="2026-04-21T09:57:34 IST" skipped="0">
  <testcase classname="Amazon.tests.submitOrderTest2" name="submitOrder2" time="17.634"/>
  <testcase classname="Amazon.tests.submitOrderTest2" name="submitOrder3" time="14.628"/>
</testsuite> <!-- Amazon.tests.submitOrderTest2 -->
