<?xml version="1.0" encoding="UTF-8"?>
<!-- Generated by org.testng.reporters.JUnitReportReporter -->
<testsuite hostname="DESKTOP-FGF6AJ8" failures="0" tests="4" name="Amazon.tests.submitOrderTest" time="34.326" errors="0" timestamp="2026-04-10T21:28:40 IST" skipped="0">
  <testcase classname="Amazon.tests.submitOrderTest" name="submitOrder" time="10.488"/>
  <testcase classname="Amazon.tests.submitOrderTest" name="submitOrder" time="9.891"/>
  <testcase classname="Amazon.tests.submitOrderTest" name="submitOrder" time="9.114"/>
  <testcase classname="Amazon.tests.submitOrderTest" name="orderHistoryTest" time="4.833"/>
</testsuite> <!-- Amazon.tests.submitOrderTest -->
