<?xml version="1.0" encoding="UTF-8"?>
<!-- Generated by org.testng.reporters.JUnitReportReporter -->
<testsuite hostname="DESKTOP-FGF6AJ8" failures="0" tests="2" name="Amazon.tests.ErrorValidationTest" time="12.784" errors="0" timestamp="2026-05-09T15:11:16 IST" skipped="0">
  <testcase classname="Amazon.tests.ErrorValidationTest" name="LoginErrorValidation" time="4.834"/>
  <testcase classname="Amazon.tests.ErrorValidationTest" name="productErrorValidation" time="7.950"/>
</testsuite> <!-- Amazon.tests.ErrorValidationTest -->
