<?xml version="1.0" encoding="UTF-8"?>
<!-- Generated by org.testng.reporters.JUnitReportReporter -->
<testsuite hostname="DESKTOP-FGF6AJ8" failures="0" tests="2" name="Amazon.tests.ErrorValidationTest" time="14.909" errors="0" timestamp="2026-04-10T21:28:40 IST" skipped="0">
  <testcase classname="Amazon.tests.ErrorValidationTest" name="productErrorValidation" time="8.497"/>
  <testcase classname="Amazon.tests.ErrorValidationTest" name="LoginErrorValidation" time="6.412"/>
</testsuite> <!-- Amazon.tests.ErrorValidationTest -->
